This is pdfTeX, Version 3.14159265-2.6-1.40.20 (TeX Live 2019/Arch Linux) (preloaded format=pdflatex 2019.9.30)  18 OCT 2019 15:50
entering extended mode
 restricted \write18 enabled.
 %&-line parsing enabled.
**relatoriofonte.tex
(./relatoriofonte.tex
LaTeX2e <2018-12-01>
! TeX capacity exceeded, sorry [parameter stack size=10000].
\pkgcls@debug #1->
                  
l.2 \usepackage[utf8]
                     {inputenc}
If you really absolutely need more capacity,
you can ask a wizard to enlarge me.

 
Here is how much of TeX's memory you used:
 5 strings out of 492623
 166 string characters out of 6135669
 92909 words of memory out of 5000000
 4018 multiletter control sequences out of 15000+600000
 3640 words of font info for 14 fonts, out of 8000000 for 9000
 1141 hyphenation exceptions out of 8191
 4287i,0n,10001p,48b,8s stack positions out of 5000i,500n,10000p,200000b,80000s
!  ==> Fatal error occurred, no output PDF file produced!
